# JRE version: OpenJDK Runtime Environment (21.0.8) (build 21.0.8+-14018985-b1038.68)
# Java VM: OpenJDK 64-Bit Server VM (21.0.8+-14018985-b1038.68, mixed mode, tiered, compressed oops, compressed class ptrs, g1 gc, windows-amd64)
GC Precious Log:
 CardTable entry size: 512
 Card Set container configuration: InlinePtr #cards 5 size 8 Array Of Cards #cards 12 size 40 Howl #buckets 4 coarsen threshold 1843 Howl Bitmap #cards 512 size 80 coarsen threshold 460 Card regions per heap region 1 cards per card region 2048
 CPUs: 4 total, 4 available
 Memory: 8053M
 Large Page Support: Disabled
 NUMA Support: Disabled
 Compressed Oops: Enabled (32-bit)
 Heap Region Size: 1M
 Heap Min Capacity: 8M
 Heap Initial Capacity: 126M
 Heap Max Capacity: 2G
 Pre-touch: Disabled
 Parallel Workers: 4
 Concurrent Workers: 1
 Concurrent Refinement Workers: 4
 Periodic GC: Disabled
Heap:
 garbage-first heap   total 163840K, used 107828K [0x0000000080000000, 0x0000000100000000)
  region size 1024K, 6 young (6144K), 5 survivors (5120K)
 Metaspace       used 74879K, committed 76608K, reserved 1114112K
  class space    used 10484K, committed 11328K, reserved 1048576K
GC Heap History (20 events):
Event: 32.644 GC heap before
{Heap before GC invocations=19 (full 0):
 garbage-first heap   total 126976K, used 88637K [0x0000000080000000, 0x0000000100000000)
  region size 1024K, 21 young (21504K), 4 survivors (4096K)
 Metaspace       used 57461K, committed 58944K, reserved 1114112K
  class space    used 8117K, committed 8832K, reserved 1048576K
}
Event: 32.665 GC heap after
{Heap after GC invocations=20 (full 0):
 garbage-first heap   total 126976K, used 74335K [0x0000000080000000, 0x0000000100000000)
  region size 1024K, 5 young (5120K), 5 survivors (5120K)
 Metaspace       used 57461K, committed 58944K, reserved 1114112K
  class space    used 8117K, committed 8832K, reserved 1048576K
}
Event: 35.916 GC heap before
{Heap before GC invocations=21 (full 0):
 garbage-first heap   total 130048K, used 115295K [0x0000000080000000, 0x0000000100000000)
  region size 1024K, 43 young (44032K), 5 survivors (5120K)
 Metaspace       used 60801K, committed 62272K, reserved 1114112K
  class space    used 8674K, committed 9408K, reserved 1048576K
}
Event: 35.942 GC heap after
{Heap after GC invocations=22 (full 0):
 garbage-first heap   total 130048K, used 79277K [0x0000000080000000, 0x0000000100000000)
  region size 1024K, 5 young (5120K), 5 survivors (5120K)
 Metaspace       used 60801K, committed 62272K, reserved 1114112K
  class space    used 8674K, committed 9408K, reserved 1048576K
}
Event: 36.997 GC heap before
{Heap before GC invocations=22 (full 0):
 garbage-first heap   total 130048K, used 117165K [0x0000000080000000, 0x0000000100000000)
  region size 1024K, 42 young (43008K), 5 survivors (5120K)
 Metaspace       used 60881K, committed 62336K, reserved 1114112K
  class space    used 8676K, committed 9408K, reserved 1048576K
}
Event: 37.013 GC heap after
{Heap after GC invocations=23 (full 0):
 garbage-first heap   total 130048K, used 80694K [0x0000000080000000, 0x0000000100000000)
  region size 1024K, 5 young (5120K), 5 survivors (5120K)
 Metaspace       used 60881K, committed 62336K, reserved 1114112K
  class space    used 8676K, committed 9408K, reserved 1048576K
}
Event: 37.720 GC heap before
{Heap before GC invocations=23 (full 0):
 garbage-first heap   total 130048K, used 116534K [0x0000000080000000, 0x0000000100000000)
  region size 1024K, 40 young (40960K), 5 survivors (5120K)
 Metaspace       used 60895K, committed 62400K, reserved 1114112K
  class space    used 8677K, committed 9408K, reserved 1048576K
}
Event: 37.731 GC heap after
{Heap after GC invocations=24 (full 0):
 garbage-first heap   total 130048K, used 81682K [0x0000000080000000, 0x0000000100000000)
  region size 1024K, 3 young (3072K), 3 survivors (3072K)
 Metaspace       used 60895K, committed 62400K, reserved 1114112K
  class space    used 8677K, committed 9408K, reserved 1048576K
}
Event: 38.635 GC heap before
{Heap before GC invocations=25 (full 0):
 garbage-first heap   total 137216K, used 118546K [0x0000000080000000, 0x0000000100000000)
  region size 1024K, 39 young (39936K), 3 survivors (3072K)
 Metaspace       used 60897K, committed 62400K, reserved 1114112K
  class space    used 8677K, committed 9408K, reserved 1048576K
}
Event: 38.646 GC heap after
{Heap after GC invocations=26 (full 0):
 garbage-first heap   total 137216K, used 82041K [0x0000000080000000, 0x0000000100000000)
  region size 1024K, 4 young (4096K), 4 survivors (4096K)
 Metaspace       used 60897K, committed 62400K, reserved 1114112K
  class space    used 8677K, committed 9408K, reserved 1048576K
}
Event: 42.578 GC heap before
{Heap before GC invocations=26 (full 0):
 garbage-first heap   total 137216K, used 131193K [0x0000000080000000, 0x0000000100000000)
  region size 1024K, 45 young (46080K), 4 survivors (4096K)
 Metaspace       used 64400K, committed 65920K, reserved 1114112K
  class space    used 9087K, committed 9792K, reserved 1048576K
}
Event: 42.621 GC heap after
{Heap after GC invocations=27 (full 0):
 garbage-first heap   total 142336K, used 94442K [0x0000000080000000, 0x0000000100000000)
  region size 1024K, 6 young (6144K), 6 survivors (6144K)
 Metaspace       used 64400K, committed 65920K, reserved 1114112K
  class space    used 9087K, committed 9792K, reserved 1048576K
}
Event: 43.127 GC heap before
{Heap before GC invocations=27 (full 0):
 garbage-first heap   total 142336K, used 127210K [0x0000000080000000, 0x0000000100000000)
  region size 1024K, 38 young (38912K), 6 survivors (6144K)
 Metaspace       used 64451K, committed 65920K, reserved 1114112K
  class space    used 9087K, committed 9792K, reserved 1048576K
}
Event: 43.144 GC heap after
{Heap after GC invocations=28 (full 0):
 garbage-first heap   total 142336K, used 95944K [0x0000000080000000, 0x0000000100000000)
  region size 1024K, 1 young (1024K), 1 survivors (1024K)
 Metaspace       used 64451K, committed 65920K, reserved 1114112K
  class space    used 9087K, committed 9792K, reserved 1048576K
}
Event: 45.743 GC heap before
{Heap before GC invocations=29 (full 0):
 garbage-first heap   total 160768K, used 131784K [0x0000000080000000, 0x0000000100000000)
  region size 1024K, 36 young (36864K), 1 survivors (1024K)
 Metaspace       used 65087K, committed 66560K, reserved 1114112K
  class space    used 9156K, committed 9856K, reserved 1048576K
}
Event: 45.750 GC heap after
{Heap after GC invocations=30 (full 0):
 garbage-first heap   total 160768K, used 97291K [0x0000000080000000, 0x0000000100000000)
  region size 1024K, 3 young (3072K), 3 survivors (3072K)
 Metaspace       used 65087K, committed 66560K, reserved 1114112K
  class space    used 9156K, committed 9856K, reserved 1048576K
}
Event: 47.714 GC heap before
{Heap before GC invocations=30 (full 0):
 garbage-first heap   total 160768K, used 155659K [0x0000000080000000, 0x0000000100000000)
  region size 1024K, 52 young (53248K), 3 survivors (3072K)
 Metaspace       used 68562K, committed 70208K, reserved 1114112K
  class space    used 9563K, committed 10368K, reserved 1048576K
}
Event: 47.729 GC heap after
{Heap after GC invocations=31 (full 0):
 garbage-first heap   total 163840K, used 105637K [0x0000000080000000, 0x0000000100000000)
  region size 1024K, 5 young (5120K), 5 survivors (5120K)
 Metaspace       used 68562K, committed 70208K, reserved 1114112K
  class space    used 9563K, committed 10368K, reserved 1048576K
}
Event: 50.622 GC heap before
{Heap before GC invocations=31 (full 0):
 garbage-first heap   total 163840K, used 149669K [0x0000000080000000, 0x0000000100000000)
  region size 1024K, 48 young (49152K), 5 survivors (5120K)
 Metaspace       used 74825K, committed 76544K, reserved 1114112K
  class space    used 10480K, committed 11328K, reserved 1048576K
}
Event: 50.636 GC heap after
{Heap after GC invocations=32 (full 0):
 garbage-first heap   total 163840K, used 107828K [0x0000000080000000, 0x0000000100000000)
  region size 1024K, 5 young (5120K), 5 survivors (5120K)
 Metaspace       used 74825K, committed 76544K, reserved 1114112K
  class space    used 10480K, committed 11328K, reserved 1048576K
}

